  config.cpp
  fixes.cpp
  doubleperkapply.cpp
  miscfixes.cpp
fixes\miscfixes.cpp(77,28): warning C4834: discarding return value of function with 'nodiscard' attribute
fixes\miscfixes.cpp(232,1): warning C4302: 'reinterpret_cast': truncation from 'RE::BGSLocation *' to 'RE::FormID'
  main.cpp
  miscpatches.cpp
  patches.cpp
  formcaching.cpp
  treelodreferencecaching.cpp
  memorymanager.cpp
  utils.cpp
     Creating library C:\Users\rolli\source\repos\EngineFixesVR\x64\Release\EngineFixesVR.lib and object C:\Users\rolli\source\repos\EngineFixesVR\x64\Release\EngineFixesVR.exp
  Generating code
  Previous IPDB not found, fall back to full compilation.
  All 5329 functions were compiled because no usable IPDB/IOBJ from previous compilation was found.
  Finished generating code
  EngineFixesVR.vcxproj -> C:\Users\rolli\source\repos\EngineFixesVR\x64\Release\EngineFixesVR.dll
          1 file(s) copied.
