c:\users\rolli\source\repos\enginefixesvr\x64\release\enginefixesvr.lib
c:\users\rolli\source\repos\enginefixesvr\x64\release\enginefixesvr.exp
c:\users\rolli\source\repos\enginefixesvr\x64\release\enginefixesvr.ipdb
c:\users\rolli\source\repos\enginefixesvr\x64\release\enginefixesvr.iobj
c:\users\rolli\source\repos\enginefixesvr\x64\release\enginefixesvr.dll
c:\users\rolli\source\repos\enginefixesvr\x64\release\enginefixesvr.pdb
c:\users\rolli\source\repos\enginefixesvr\x64\release\config.obj
c:\users\rolli\source\repos\enginefixesvr\x64\release\doubleperkapply.obj
c:\users\rolli\source\repos\enginefixesvr\x64\release\fixes.obj
c:\users\rolli\source\repos\enginefixesvr\x64\release\formcaching.obj
c:\users\rolli\source\repos\enginefixesvr\x64\release\main.obj
c:\users\rolli\source\repos\enginefixesvr\x64\release\miscfixes.obj
c:\users\rolli\source\repos\enginefixesvr\x64\release\miscpatches.obj
c:\users\rolli\source\repos\enginefixesvr\x64\release\patches.obj
c:\users\rolli\source\repos\enginefixesvr\x64\release\treelodreferencecaching.obj
c:\users\rolli\source\repos\enginefixesvr\x64\release\utils.obj
c:\users\rolli\source\repos\enginefixesvr\x64\release\vc142.pdb
c:\users\rolli\source\repos\enginefixesvr\x64\release\enginefixesvr.tlog\cl.command.1.tlog
c:\users\rolli\source\repos\enginefixesvr\x64\release\enginefixesvr.tlog\enginefixesvr.write.1u.tlog
c:\users\rolli\source\repos\enginefixesvr\x64\release\enginefixesvr.tlog\link.command.1.tlog
c:\users\rolli\source\repos\enginefixesvr\x64\release\enginefixesvr.tlog\link.read.1.tlog
c:\users\rolli\source\repos\enginefixesvr\x64\release\enginefixesvr.tlog\link.write.1.tlog
