c:\users\rolli\source\repos\enginefixesvr\skse\sksevr\enginefixesvr\x64\debug\vc142.pdb
c:\users\rolli\source\repos\enginefixesvr\skse\sksevr\enginefixesvr\x64\debug\vc142.idb
c:\users\rolli\source\repos\enginefixesvr\skse\sksevr\enginefixesvr\x64\debug\utils.obj
c:\users\rolli\source\repos\enginefixesvr\skse\sksevr\enginefixesvr\x64\debug\treelodreferencecaching.obj
c:\users\rolli\source\repos\enginefixesvr\skse\sksevr\enginefixesvr\x64\debug\formcaching.obj
c:\users\rolli\source\repos\enginefixesvr\skse\sksevr\enginefixesvr\x64\debug\patches.obj
c:\users\rolli\source\repos\enginefixesvr\skse\sksevr\enginefixesvr\x64\debug\miscpatches.obj
c:\users\rolli\source\repos\enginefixesvr\skse\sksevr\enginefixesvr\x64\debug\main.obj
c:\users\rolli\source\repos\enginefixesvr\skse\sksevr\enginefixesvr\x64\debug\config.obj
c:\users\rolli\source\repos\enginefixesvr\x64\debug\vc142.pdb
c:\users\rolli\source\repos\enginefixesvr\x64\debug\vc142.idb
c:\users\rolli\source\repos\enginefixesvr\x64\debug\utils.obj
c:\users\rolli\source\repos\enginefixesvr\x64\debug\treelodreferencecaching.obj
c:\users\rolli\source\repos\enginefixesvr\x64\debug\formcaching.obj
c:\users\rolli\source\repos\enginefixesvr\x64\debug\patches.obj
c:\users\rolli\source\repos\enginefixesvr\x64\debug\miscpatches.obj
c:\users\rolli\source\repos\enginefixesvr\x64\debug\main.obj
c:\users\rolli\source\repos\enginefixesvr\x64\debug\miscfixes.obj
c:\users\rolli\source\repos\enginefixesvr\x64\debug\fixes.obj
c:\users\rolli\source\repos\enginefixesvr\x64\debug\config.obj
c:\users\rolli\source\repos\enginefixesvr\skse\sksevr\x64\debug\enginefixesvr.lib
c:\users\rolli\source\repos\enginefixesvr\skse\sksevr\x64\debug\enginefixesvr.exp
c:\users\rolli\source\repos\enginefixesvr\skse\sksevr\x64\debug\enginefixesvr.dll
c:\users\rolli\source\repos\enginefixesvr\skse\sksevr\x64\debug\enginefixesvr.pdb
c:\users\rolli\source\repos\enginefixesvr\x64\debug\enginefixesvr.exp
c:\users\rolli\source\repos\enginefixesvr\x64\debug\enginefixesvr.tlog\cl.command.1.tlog
c:\users\rolli\source\repos\enginefixesvr\x64\debug\enginefixesvr.tlog\cl.read.1.tlog
c:\users\rolli\source\repos\enginefixesvr\x64\debug\enginefixesvr.tlog\cl.write.1.tlog
c:\users\rolli\source\repos\enginefixesvr\x64\debug\enginefixesvr.tlog\enginefixesvr.write.1u.tlog
c:\users\rolli\source\repos\enginefixesvr\x64\debug\enginefixesvr.tlog\link.20452.read.1.tlog
c:\users\rolli\source\repos\enginefixesvr\x64\debug\enginefixesvr.tlog\link.20452.write.1.tlog
c:\users\rolli\source\repos\enginefixesvr\x64\debug\enginefixesvr.tlog\link.26756.read.1.tlog
c:\users\rolli\source\repos\enginefixesvr\x64\debug\enginefixesvr.tlog\link.26756.write.1.tlog
c:\users\rolli\source\repos\enginefixesvr\x64\debug\enginefixesvr.tlog\link.command.1.tlog
c:\users\rolli\source\repos\enginefixesvr\x64\debug\enginefixesvr.tlog\link.read.1.tlog
c:\users\rolli\source\repos\enginefixesvr\x64\debug\enginefixesvr.tlog\link.write.1.tlog
