c:\users\rolli\source\repos\enginefixesvr\skse\sksevr\skse64\x64\debug\colors.obj
c:\users\rolli\source\repos\enginefixesvr\skse\sksevr\skse64\x64\debug\gameevents.obj
c:\users\rolli\source\repos\enginefixesvr\skse\sksevr\skse64\x64\debug\gameinput.obj
c:\users\rolli\source\repos\enginefixesvr\skse\sksevr\skse64\x64\debug\gamertti.obj
c:\users\rolli\source\repos\enginefixesvr\skse\sksevr\skse64\x64\debug\gamevr.obj
c:\users\rolli\source\repos\enginefixesvr\skse\sksevr\skse64\x64\debug\hooks_diagnostics.obj
c:\users\rolli\source\repos\enginefixesvr\skse\sksevr\skse64\x64\debug\hooks_memory.obj
c:\users\rolli\source\repos\enginefixesvr\skse\sksevr\skse64\x64\debug\hooks_scaleform.obj
c:\users\rolli\source\repos\enginefixesvr\skse\sksevr\skse64\x64\debug\nigeometry.obj
c:\users\rolli\source\repos\enginefixesvr\skse\sksevr\skse64\x64\debug\niproperties.obj
c:\users\rolli\source\repos\enginefixesvr\skse\sksevr\skse64\x64\debug\obscript.obj
c:\users\rolli\source\repos\enginefixesvr\skse\sksevr\skse64\x64\debug\papyrusammo.obj
c:\users\rolli\source\repos\enginefixesvr\skse\sksevr\skse64\x64\debug\papyrusbook.obj
c:\users\rolli\source\repos\enginefixesvr\skse\sksevr\skse64\x64\debug\papyrusconstructibleobject.obj
c:\users\rolli\source\repos\enginefixesvr\skse\sksevr\skse64\x64\debug\papyrusfaction.obj
c:\users\rolli\source\repos\enginefixesvr\skse\sksevr\skse64\x64\debug\papyrusheadpart.obj
c:\users\rolli\source\repos\enginefixesvr\skse\sksevr\skse64\x64\debug\papyrusleveleditem.obj
c:\users\rolli\source\repos\enginefixesvr\skse\sksevr\skse64\x64\debug\papyrusnativefunctions.obj
c:\users\rolli\source\repos\enginefixesvr\skse\sksevr\skse64\x64\debug\papyruspotion.obj
c:\users\rolli\source\repos\enginefixesvr\skse\sksevr\skse64\x64\debug\papyrusskse.obj
c:\users\rolli\source\repos\enginefixesvr\skse\sksevr\skse64\x64\debug\papyrustree.obj
c:\users\rolli\source\repos\enginefixesvr\skse\sksevr\skse64\x64\debug\papyrusweapon.obj
c:\users\rolli\source\repos\enginefixesvr\skse\sksevr\skse64\x64\debug\scaleformextendeddata.obj
c:\users\rolli\source\repos\enginefixesvr\skse\sksevr\skse64\x64\debug\serialization.obj
c:\users\rolli\source\repos\enginefixesvr\skse\sksevr\skse64\x64\debug\gamebsextradata.obj
c:\users\rolli\source\repos\enginefixesvr\skse\sksevr\skse64\x64\debug\gameformcomponents.obj
c:\users\rolli\source\repos\enginefixesvr\skse\sksevr\skse64\x64\debug\gamereferences.obj
c:\users\rolli\source\repos\enginefixesvr\skse\sksevr\skse64\x64\debug\gameutilities.obj
c:\users\rolli\source\repos\enginefixesvr\skse\sksevr\skse64\x64\debug\hooks_debug.obj
c:\users\rolli\source\repos\enginefixesvr\skse\sksevr\skse64\x64\debug\hooks_handlers.obj
c:\users\rolli\source\repos\enginefixesvr\skse\sksevr\skse64\x64\debug\hooks_saveload.obj
c:\users\rolli\source\repos\enginefixesvr\skse\sksevr\skse64\x64\debug\inputmap.obj
c:\users\rolli\source\repos\enginefixesvr\skse\sksevr\skse64\x64\debug\niadditionalgeometrydata.obj
c:\users\rolli\source\repos\enginefixesvr\skse\sksevr\skse64\x64\debug\nilight.obj
c:\users\rolli\source\repos\enginefixesvr\skse\sksevr\skse64\x64\debug\nirtti.obj
c:\users\rolli\source\repos\enginefixesvr\skse\sksevr\skse64\x64\debug\papyrusactor.obj
c:\users\rolli\source\repos\enginefixesvr\skse\sksevr\skse64\x64\debug\papyrusargs.obj
c:\users\rolli\source\repos\enginefixesvr\skse\sksevr\skse64\x64\debug\papyruscell.obj
c:\users\rolli\source\repos\enginefixesvr\skse\sksevr\skse64\x64\debug\papyrusenchantment.obj
c:\users\rolli\source\repos\enginefixesvr\skse\sksevr\skse64\x64\debug\papyrusformlist.obj
c:\users\rolli\source\repos\enginefixesvr\skse\sksevr\skse64\x64\debug\papyrusinput.obj
c:\users\rolli\source\repos\enginefixesvr\skse\sksevr\skse64\x64\debug\papyrusmagiceffect.obj
c:\users\rolli\source\repos\enginefixesvr\skse\sksevr\skse64\x64\debug\papyrusobjects.obj
c:\users\rolli\source\repos\enginefixesvr\skse\sksevr\skse64\x64\debug\papyrusrace.obj
c:\users\rolli\source\repos\enginefixesvr\skse\sksevr\skse64\x64\debug\papyrusspawnertask.obj
c:\users\rolli\source\repos\enginefixesvr\skse\sksevr\skse64\x64\debug\papyrusutility.obj
c:\users\rolli\source\repos\enginefixesvr\skse\sksevr\skse64\x64\debug\pluginmanager.obj
c:\users\rolli\source\repos\enginefixesvr\skse\sksevr\skse64\x64\debug\scaleformvalue.obj
c:\users\rolli\source\repos\enginefixesvr\skse\sksevr\skse64\x64\debug\custommenu.obj
c:\users\rolli\source\repos\enginefixesvr\skse\sksevr\skse64\x64\debug\gamehandlers.obj
c:\users\rolli\source\repos\enginefixesvr\skse\sksevr\skse64\x64\debug\gameresources.obj
c:\users\rolli\source\repos\enginefixesvr\skse\sksevr\skse64\x64\debug\gamethreads.obj
c:\users\rolli\source\repos\enginefixesvr\skse\sksevr\skse64\x64\debug\hashutil.obj
c:\users\rolli\source\repos\enginefixesvr\skse\sksevr\skse64\x64\debug\hooks_event.obj
c:\users\rolli\source\repos\enginefixesvr\skse\sksevr\skse64\x64\debug\hooks_papyrus.obj
c:\users\rolli\source\repos\enginefixesvr\skse\sksevr\skse64\x64\debug\internalserialization.obj
c:\users\rolli\source\repos\enginefixesvr\skse\sksevr\skse64\x64\debug\niinterpolators.obj
c:\users\rolli\source\repos\enginefixesvr\skse\sksevr\skse64\x64\debug\nirenderer.obj
c:\users\rolli\source\repos\enginefixesvr\skse\sksevr\skse64\x64\debug\papyrusactivemagiceffect.obj
c:\users\rolli\source\repos\enginefixesvr\skse\sksevr\skse64\x64\debug\papyrusarmor.obj
c:\users\rolli\source\repos\enginefixesvr\skse\sksevr\skse64\x64\debug\papyrusclass.obj
c:\users\rolli\source\repos\enginefixesvr\skse\sksevr\skse64\x64\debug\papyrusdelayfunctors.obj
c:\users\rolli\source\repos\enginefixesvr\skse\sksevr\skse64\x64\debug\papyrusform.obj
c:\users\rolli\source\repos\enginefixesvr\skse\sksevr\skse64\x64\debug\papyrusinterfaces.obj
c:\users\rolli\source\repos\enginefixesvr\skse\sksevr\skse64\x64\debug\papyrusmath.obj
c:\users\rolli\source\repos\enginefixesvr\skse\sksevr\skse64\x64\debug\papyrusobjectreference.obj
c:\users\rolli\source\repos\enginefixesvr\skse\sksevr\skse64\x64\debug\papyrusscroll.obj
c:\users\rolli\source\repos\enginefixesvr\skse\sksevr\skse64\x64\debug\papyrusspell.obj
c:\users\rolli\source\repos\enginefixesvr\skse\sksevr\skse64\x64\debug\papyrusuicallback.obj
c:\users\rolli\source\repos\enginefixesvr\skse\sksevr\skse64\x64\debug\papyruswornobject.obj
c:\users\rolli\source\repos\enginefixesvr\skse\sksevr\skse64\x64\debug\scaleformmovie.obj
c:\users\rolli\source\repos\enginefixesvr\skse\sksevr\skse64\x64\debug\translation.obj
c:\users\rolli\source\repos\enginefixesvr\skse\sksevr\skse64\x64\debug\gamecamera.obj
c:\users\rolli\source\repos\enginefixesvr\skse\sksevr\skse64\x64\debug\gameforms.obj
c:\users\rolli\source\repos\enginefixesvr\skse\sksevr\skse64\x64\debug\gameobjects.obj
c:\users\rolli\source\repos\enginefixesvr\skse\sksevr\skse64\x64\debug\gametypes.obj
c:\users\rolli\source\repos\enginefixesvr\skse\sksevr\skse64\x64\debug\hooks_camera.obj
c:\users\rolli\source\repos\enginefixesvr\skse\sksevr\skse64\x64\debug\hooks_obscript.obj
c:\users\rolli\source\repos\enginefixesvr\skse\sksevr\skse64\x64\debug\hooks_threads.obj
c:\users\rolli\source\repos\enginefixesvr\skse\sksevr\skse64\x64\debug\internalvr.obj
c:\users\rolli\source\repos\enginefixesvr\skse\sksevr\skse64\x64\debug\niextradata.obj
c:\users\rolli\source\repos\enginefixesvr\skse\sksevr\skse64\x64\debug\niobjects.obj
c:\users\rolli\source\repos\enginefixesvr\skse\sksevr\skse64\x64\debug\nitypes.obj
c:\users\rolli\source\repos\enginefixesvr\skse\sksevr\skse64\x64\debug\papyrusalias.obj
c:\users\rolli\source\repos\enginefixesvr\skse\sksevr\skse64\x64\debug\papyruscamera.obj
c:\users\rolli\source\repos\enginefixesvr\skse\sksevr\skse64\x64\debug\papyrusdefaultobjectmanager.obj
c:\users\rolli\source\repos\enginefixesvr\skse\sksevr\skse64\x64\debug\papyrusflora.obj
c:\users\rolli\source\repos\enginefixesvr\skse\sksevr\skse64\x64\debug\papyrusingredient.obj
c:\users\rolli\source\repos\enginefixesvr\skse\sksevr\skse64\x64\debug\papyrusleveledspell.obj
c:\users\rolli\source\repos\enginefixesvr\skse\sksevr\skse64\x64\debug\papyrusnetimmerse.obj
c:\users\rolli\source\repos\enginefixesvr\skse\sksevr\skse64\x64\debug\papyrusreferencealias.obj
c:\users\rolli\source\repos\enginefixesvr\skse\sksevr\skse64\x64\debug\papyrussounddescriptor.obj
c:\users\rolli\source\repos\enginefixesvr\skse\sksevr\skse64\x64\debug\papyrusui.obj
c:\users\rolli\source\repos\enginefixesvr\skse\sksevr\skse64\x64\debug\papyrusweather.obj
c:\users\rolli\source\repos\enginefixesvr\skse\sksevr\skse64\x64\debug\scaleformloader.obj
c:\users\rolli\source\repos\enginefixesvr\skse\sksevr\skse64\x64\debug\scaleformvm.obj
c:\users\rolli\source\repos\enginefixesvr\skse\sksevr\skse64\x64\debug\gameapi.obj
c:\users\rolli\source\repos\enginefixesvr\skse\sksevr\skse64\x64\debug\gameextradata.obj
c:\users\rolli\source\repos\enginefixesvr\skse\sksevr\skse64\x64\debug\gamepathing.obj
c:\users\rolli\source\repos\enginefixesvr\skse\sksevr\skse64\x64\debug\gamesettings.obj
c:\users\rolli\source\repos\enginefixesvr\skse\sksevr\skse64\x64\debug\hooks_data.obj
c:\users\rolli\source\repos\enginefixesvr\skse\sksevr\skse64\x64\debug\hooks_gameplay.obj
c:\users\rolli\source\repos\enginefixesvr\skse\sksevr\skse64\x64\debug\hooks_ui.obj
c:\users\rolli\source\repos\enginefixesvr\skse\sksevr\skse64\x64\debug\internaltasks.obj
c:\users\rolli\source\repos\enginefixesvr\skse\sksevr\skse64\x64\debug\nimaterial.obj
c:\users\rolli\source\repos\enginefixesvr\skse\sksevr\skse64\x64\debug\niserialization.obj
c:\users\rolli\source\repos\enginefixesvr\skse\sksevr\skse64\x64\debug\papyrusactorbase.obj
c:\users\rolli\source\repos\enginefixesvr\skse\sksevr\skse64\x64\debug\papyrusart.obj
c:\users\rolli\source\repos\enginefixesvr\skse\sksevr\skse64\x64\debug\papyruscolorform.obj
c:\users\rolli\source\repos\enginefixesvr\skse\sksevr\skse64\x64\debug\papyrusevents.obj
c:\users\rolli\source\repos\enginefixesvr\skse\sksevr\skse64\x64\debug\papyrusgamedata.obj
c:\users\rolli\source\repos\enginefixesvr\skse\sksevr\skse64\x64\debug\papyrusleveledactor.obj
c:\users\rolli\source\repos\enginefixesvr\skse\sksevr\skse64\x64\debug\papyrusmodevent.obj
c:\users\rolli\source\repos\enginefixesvr\skse\sksevr\skse64\x64\debug\papyrusquest.obj
c:\users\rolli\source\repos\enginefixesvr\skse\sksevr\skse64\x64\debug\papyrussound.obj
c:\users\rolli\source\repos\enginefixesvr\skse\sksevr\skse64\x64\debug\papyrustextureset.obj
c:\users\rolli\source\repos\enginefixesvr\skse\sksevr\skse64\x64\debug\papyrusvm.obj
c:\users\rolli\source\repos\enginefixesvr\skse\sksevr\skse64\x64\debug\scaleformcallbacks.obj
c:\users\rolli\source\repos\enginefixesvr\skse\sksevr\skse64\x64\debug\scaleformtypes.obj
c:\users\rolli\source\repos\enginefixesvr\skse\sksevr\skse64\x64\debug\bsmodeldb.obj
c:\users\rolli\source\repos\enginefixesvr\skse\sksevr\skse64\x64\debug\gamedata.obj
c:\users\rolli\source\repos\enginefixesvr\skse\sksevr\skse64\x64\debug\gamemenus.obj
c:\users\rolli\source\repos\enginefixesvr\skse\sksevr\skse64\x64\debug\gamestreams.obj
c:\users\rolli\source\repos\enginefixesvr\skse\sksevr\skse64\x64\debug\globallocks.obj
c:\users\rolli\source\repos\enginefixesvr\skse\sksevr\skse64\x64\debug\hooks_directinput8create.obj
c:\users\rolli\source\repos\enginefixesvr\skse\sksevr\skse64\x64\debug\hooks_netimmerse.obj
c:\users\rolli\source\repos\enginefixesvr\skse\sksevr\skse64\x64\debug\hooks_vr.obj
c:\users\rolli\source\repos\enginefixesvr\skse\sksevr\skse64\x64\debug\nicontrollers.obj
c:\users\rolli\source\repos\enginefixesvr\skse\sksevr\skse64\x64\debug\ninodes.obj
c:\users\rolli\source\repos\enginefixesvr\skse\sksevr\skse64\x64\debug\nitextures.obj
c:\users\rolli\source\repos\enginefixesvr\skse\sksevr\skse64\x64\debug\papyrusactorvalueinfo.obj
c:\users\rolli\source\repos\enginefixesvr\skse\sksevr\skse64\x64\debug\papyrusarmoraddon.obj
c:\users\rolli\source\repos\enginefixesvr\skse\sksevr\skse64\x64\debug\papyruscombatstyle.obj
c:\users\rolli\source\repos\enginefixesvr\skse\sksevr\skse64\x64\debug\papyrusequipslot.obj
c:\users\rolli\source\repos\enginefixesvr\skse\sksevr\skse64\x64\debug\papyrusgame.obj
c:\users\rolli\source\repos\enginefixesvr\skse\sksevr\skse64\x64\debug\papyruskeyword.obj
c:\users\rolli\source\repos\enginefixesvr\skse\sksevr\skse64\x64\debug\papyrusmisc.obj
c:\users\rolli\source\repos\enginefixesvr\skse\sksevr\skse64\x64\debug\papyrusperk.obj
c:\users\rolli\source\repos\enginefixesvr\skse\sksevr\skse64\x64\debug\papyrusshout.obj
c:\users\rolli\source\repos\enginefixesvr\skse\sksevr\skse64\x64\debug\papyrusstringutil.obj
c:\users\rolli\source\repos\enginefixesvr\skse\sksevr\skse64\x64\debug\papyrusvalue.obj
c:\users\rolli\source\repos\enginefixesvr\skse\sksevr\skse64\x64\debug\scaleformapi.obj
c:\users\rolli\source\repos\enginefixesvr\skse\sksevr\skse64\x64\debug\scaleformstate.obj
c:\users\rolli\source\repos\enginefixesvr\skse\sksevr\skse64\x64\debug\skse64.obj
c:\users\rolli\source\repos\enginefixesvr\skse\sksevr\skse64\x64\debug\vc142.pdb
c:\users\rolli\source\repos\enginefixesvr\skse\sksevr\skse64\x64\debug\skse64.pdb
c:\users\rolli\source\repos\enginefixesvr\skse\sksevr\x64\debug\sksevr_1_4_15.lib
c:\users\rolli\source\repos\enginefixesvr\skse\sksevr\x64\debug\sksevr_1_4_15.ilk
c:\users\rolli\source\repos\enginefixesvr\skse\sksevr\x64\debug\sksevr_1_4_15.dll
c:\users\rolli\source\repos\enginefixesvr\skse\sksevr\x64\debug\sksevr_1_4_15.pdb
c:\users\rolli\source\repos\enginefixesvr\skse\sksevr\skse64\x64\debug\skse_version.res
c:\users\rolli\source\repos\enginefixesvr\skse\sksevr\skse64\x64\debug\skse64.idb
c:\users\rolli\source\repos\enginefixesvr\skse\sksevr\skse64\x64\debug\vc142.idb
c:\users\rolli\source\repos\enginefixesvr\skse\sksevr\skse64\x64\debug\skse64.tlog\cl.16344.write.1.tlog
c:\users\rolli\source\repos\enginefixesvr\skse\sksevr\skse64\x64\debug\skse64.tlog\cl.command.1.tlog
c:\users\rolli\source\repos\enginefixesvr\skse\sksevr\skse64\x64\debug\skse64.tlog\cl.read.1.tlog
c:\users\rolli\source\repos\enginefixesvr\skse\sksevr\skse64\x64\debug\skse64.tlog\lib-link-cvtres.read.1.tlog
c:\users\rolli\source\repos\enginefixesvr\skse\sksevr\skse64\x64\debug\skse64.tlog\lib-link-cvtres.write.1.tlog
c:\users\rolli\source\repos\enginefixesvr\skse\sksevr\skse64\x64\debug\skse64.tlog\lib.command.1.tlog
c:\users\rolli\source\repos\enginefixesvr\skse\sksevr\skse64\x64\debug\skse64.tlog\link.command.1.tlog
c:\users\rolli\source\repos\enginefixesvr\skse\sksevr\skse64\x64\debug\skse64.tlog\link.read.1.tlog
c:\users\rolli\source\repos\enginefixesvr\skse\sksevr\skse64\x64\debug\skse64.tlog\link.write.1.tlog
c:\users\rolli\source\repos\enginefixesvr\skse\sksevr\skse64\x64\debug\skse64.tlog\rc.command.1.tlog
c:\users\rolli\source\repos\enginefixesvr\skse\sksevr\skse64\x64\debug\skse64.tlog\rc.read.1.tlog
c:\users\rolli\source\repos\enginefixesvr\skse\sksevr\skse64\x64\debug\skse64.tlog\rc.write.1.tlog
