  GameData.cpp
  GameExtraData.cpp
  GameFormComponents.cpp
  GameObjects.cpp
  GameReferences.cpp
  Hooks_Data.cpp
  Hooks_Handlers.cpp
  Hooks_ObScript.cpp
  Hooks_SaveLoad.cpp
  Hooks_Scaleform.cpp
  InternalSerialization.cpp
  InternalTasks.cpp
  PapyrusActor.cpp
  PapyrusActorBase.cpp
  PapyrusActorValueInfo.cpp
  PapyrusArt.cpp
  PapyrusDefaultObjectManager.cpp
C:\Users\rolli\source\repos\EngineFixesVR\skse\sksevr\skse64\Hooks_Scaleform.cpp(1048,10): warning C4834: discarding return value of function with 'nodiscard' attribute
  PapyrusFaction.cpp
  PapyrusGame.cpp
  PapyrusGameData.cpp
  PapyrusHeadPart.cpp
  PapyrusKeyword.cpp
  PapyrusMagicEffect.cpp
  PapyrusObjectReference.cpp
  PapyrusQuest.cpp
  PapyrusRace.cpp
  PapyrusWeapon.cpp
  PapyrusWornObject.cpp
  ScaleformExtendedData.cpp
  Serialization.cpp
  skse64.vcxproj -> C:\Users\rolli\source\repos\EngineFixesVR\skse\sksevr\x64\Release\sksevr_1_4_15.lib
