c:\users\rolli\source\repos\enginefixesvr\skse\sksevr\skse64\x64\release\gamebsextradata.obj
c:\users\rolli\source\repos\enginefixesvr\skse\sksevr\skse64\x64\release\gamehandlers.obj
c:\users\rolli\source\repos\enginefixesvr\skse\sksevr\skse64\x64\release\gameresources.obj
c:\users\rolli\source\repos\enginefixesvr\skse\sksevr\skse64\x64\release\gamestreams.obj
c:\users\rolli\source\repos\enginefixesvr\skse\sksevr\skse64\x64\release\hooks_data.obj
c:\users\rolli\source\repos\enginefixesvr\skse\sksevr\skse64\x64\release\hooks_memory.obj
c:\users\rolli\source\repos\enginefixesvr\skse\sksevr\skse64\x64\release\hooks_papyrus.obj
c:\users\rolli\source\repos\enginefixesvr\skse\sksevr\skse64\x64\release\internalserialization.obj
c:\users\rolli\source\repos\enginefixesvr\skse\sksevr\skse64\x64\release\nimaterial.obj
c:\users\rolli\source\repos\enginefixesvr\skse\sksevr\skse64\x64\release\niserialization.obj
c:\users\rolli\source\repos\enginefixesvr\skse\sksevr\skse64\x64\release\papyrusactorbase.obj
c:\users\rolli\source\repos\enginefixesvr\skse\sksevr\skse64\x64\release\papyrusarmor.obj
c:\users\rolli\source\repos\enginefixesvr\skse\sksevr\skse64\x64\release\papyruscolorform.obj
c:\users\rolli\source\repos\enginefixesvr\skse\sksevr\skse64\x64\release\papyrusequipslot.obj
c:\users\rolli\source\repos\enginefixesvr\skse\sksevr\skse64\x64\release\papyrusgame.obj
c:\users\rolli\source\repos\enginefixesvr\skse\sksevr\skse64\x64\release\papyruskeyword.obj
c:\users\rolli\source\repos\enginefixesvr\skse\sksevr\skse64\x64\release\papyrusmisc.obj
c:\users\rolli\source\repos\enginefixesvr\skse\sksevr\skse64\x64\release\papyrusperk.obj
c:\users\rolli\source\repos\enginefixesvr\skse\sksevr\skse64\x64\release\papyrusshout.obj
c:\users\rolli\source\repos\enginefixesvr\skse\sksevr\skse64\x64\release\papyrusstringutil.obj
c:\users\rolli\source\repos\enginefixesvr\skse\sksevr\skse64\x64\release\papyrusvalue.obj
c:\users\rolli\source\repos\enginefixesvr\skse\sksevr\skse64\x64\release\pluginmanager.obj
c:\users\rolli\source\repos\enginefixesvr\skse\sksevr\skse64\x64\release\scaleformvalue.obj
c:\users\rolli\source\repos\enginefixesvr\skse\sksevr\skse64\x64\release\bsmodeldb.obj
c:\users\rolli\source\repos\enginefixesvr\skse\sksevr\skse64\x64\release\gameextradata.obj
c:\users\rolli\source\repos\enginefixesvr\skse\sksevr\skse64\x64\release\gameobjects.obj
c:\users\rolli\source\repos\enginefixesvr\skse\sksevr\skse64\x64\release\gamethreads.obj
c:\users\rolli\source\repos\enginefixesvr\skse\sksevr\skse64\x64\release\hooks_camera.obj
c:\users\rolli\source\repos\enginefixesvr\skse\sksevr\skse64\x64\release\hooks_obscript.obj
c:\users\rolli\source\repos\enginefixesvr\skse\sksevr\skse64\x64\release\hooks_threads.obj
c:\users\rolli\source\repos\enginefixesvr\skse\sksevr\skse64\x64\release\internalvr.obj
c:\users\rolli\source\repos\enginefixesvr\skse\sksevr\skse64\x64\release\nigeometry.obj
c:\users\rolli\source\repos\enginefixesvr\skse\sksevr\skse64\x64\release\niproperties.obj
c:\users\rolli\source\repos\enginefixesvr\skse\sksevr\skse64\x64\release\obscript.obj
c:\users\rolli\source\repos\enginefixesvr\skse\sksevr\skse64\x64\release\papyrusammo.obj
c:\users\rolli\source\repos\enginefixesvr\skse\sksevr\skse64\x64\release\papyrusbook.obj
c:\users\rolli\source\repos\enginefixesvr\skse\sksevr\skse64\x64\release\papyrusconstructibleobject.obj
c:\users\rolli\source\repos\enginefixesvr\skse\sksevr\skse64\x64\release\papyrusfaction.obj
c:\users\rolli\source\repos\enginefixesvr\skse\sksevr\skse64\x64\release\papyrusgamedata.obj
c:\users\rolli\source\repos\enginefixesvr\skse\sksevr\skse64\x64\release\papyrusleveledactor.obj
c:\users\rolli\source\repos\enginefixesvr\skse\sksevr\skse64\x64\release\papyrusmodevent.obj
c:\users\rolli\source\repos\enginefixesvr\skse\sksevr\skse64\x64\release\papyrusquest.obj
c:\users\rolli\source\repos\enginefixesvr\skse\sksevr\skse64\x64\release\papyrussound.obj
c:\users\rolli\source\repos\enginefixesvr\skse\sksevr\skse64\x64\release\papyrustextureset.obj
c:\users\rolli\source\repos\enginefixesvr\skse\sksevr\skse64\x64\release\papyrusvm.obj
c:\users\rolli\source\repos\enginefixesvr\skse\sksevr\skse64\x64\release\scaleformcallbacks.obj
c:\users\rolli\source\repos\enginefixesvr\skse\sksevr\skse64\x64\release\scaleformstate.obj
c:\users\rolli\source\repos\enginefixesvr\skse\sksevr\skse64\x64\release\translation.obj
c:\users\rolli\source\repos\enginefixesvr\skse\sksevr\skse64\x64\release\gamecamera.obj
c:\users\rolli\source\repos\enginefixesvr\skse\sksevr\skse64\x64\release\gameformcomponents.obj
c:\users\rolli\source\repos\enginefixesvr\skse\sksevr\skse64\x64\release\gamereferences.obj
c:\users\rolli\source\repos\enginefixesvr\skse\sksevr\skse64\x64\release\gameutilities.obj
c:\users\rolli\source\repos\enginefixesvr\skse\sksevr\skse64\x64\release\hooks_debug.obj
c:\users\rolli\source\repos\enginefixesvr\skse\sksevr\skse64\x64\release\hooks_handlers.obj
c:\users\rolli\source\repos\enginefixesvr\skse\sksevr\skse64\x64\release\hooks_scaleform.obj
c:\users\rolli\source\repos\enginefixesvr\skse\sksevr\skse64\x64\release\niextradata.obj
c:\users\rolli\source\repos\enginefixesvr\skse\sksevr\skse64\x64\release\niobjects.obj
c:\users\rolli\source\repos\enginefixesvr\skse\sksevr\skse64\x64\release\nitypes.obj
c:\users\rolli\source\repos\enginefixesvr\skse\sksevr\skse64\x64\release\papyrusalias.obj
c:\users\rolli\source\repos\enginefixesvr\skse\sksevr\skse64\x64\release\papyruscamera.obj
c:\users\rolli\source\repos\enginefixesvr\skse\sksevr\skse64\x64\release\papyrusdefaultobjectmanager.obj
c:\users\rolli\source\repos\enginefixesvr\skse\sksevr\skse64\x64\release\papyrusflora.obj
c:\users\rolli\source\repos\enginefixesvr\skse\sksevr\skse64\x64\release\papyrusingredient.obj
c:\users\rolli\source\repos\enginefixesvr\skse\sksevr\skse64\x64\release\papyrusleveledspell.obj
c:\users\rolli\source\repos\enginefixesvr\skse\sksevr\skse64\x64\release\papyrusnetimmerse.obj
c:\users\rolli\source\repos\enginefixesvr\skse\sksevr\skse64\x64\release\papyrusrace.obj
c:\users\rolli\source\repos\enginefixesvr\skse\sksevr\skse64\x64\release\papyrussounddescriptor.obj
c:\users\rolli\source\repos\enginefixesvr\skse\sksevr\skse64\x64\release\papyrustree.obj
c:\users\rolli\source\repos\enginefixesvr\skse\sksevr\skse64\x64\release\papyrusweapon.obj
c:\users\rolli\source\repos\enginefixesvr\skse\sksevr\skse64\x64\release\scaleformextendeddata.obj
c:\users\rolli\source\repos\enginefixesvr\skse\sksevr\skse64\x64\release\serialization.obj
c:\users\rolli\source\repos\enginefixesvr\skse\sksevr\skse64\x64\release\custommenu.obj
c:\users\rolli\source\repos\enginefixesvr\skse\sksevr\skse64\x64\release\gameforms.obj
c:\users\rolli\source\repos\enginefixesvr\skse\sksevr\skse64\x64\release\gamepathing.obj
c:\users\rolli\source\repos\enginefixesvr\skse\sksevr\skse64\x64\release\gametypes.obj
c:\users\rolli\source\repos\enginefixesvr\skse\sksevr\skse64\x64\release\hashutil.obj
c:\users\rolli\source\repos\enginefixesvr\skse\sksevr\skse64\x64\release\hooks_event.obj
c:\users\rolli\source\repos\enginefixesvr\skse\sksevr\skse64\x64\release\hooks_saveload.obj
c:\users\rolli\source\repos\enginefixesvr\skse\sksevr\skse64\x64\release\inputmap.obj
c:\users\rolli\source\repos\enginefixesvr\skse\sksevr\skse64\x64\release\nicontrollers.obj
c:\users\rolli\source\repos\enginefixesvr\skse\sksevr\skse64\x64\release\ninodes.obj
c:\users\rolli\source\repos\enginefixesvr\skse\sksevr\skse64\x64\release\nitextures.obj
c:\users\rolli\source\repos\enginefixesvr\skse\sksevr\skse64\x64\release\papyrusactorvalueinfo.obj
c:\users\rolli\source\repos\enginefixesvr\skse\sksevr\skse64\x64\release\papyrusarmoraddon.obj
c:\users\rolli\source\repos\enginefixesvr\skse\sksevr\skse64\x64\release\papyrusclass.obj
c:\users\rolli\source\repos\enginefixesvr\skse\sksevr\skse64\x64\release\papyrusenchantment.obj
c:\users\rolli\source\repos\enginefixesvr\skse\sksevr\skse64\x64\release\papyrusformlist.obj
c:\users\rolli\source\repos\enginefixesvr\skse\sksevr\skse64\x64\release\papyrusinput.obj
c:\users\rolli\source\repos\enginefixesvr\skse\sksevr\skse64\x64\release\papyrusmath.obj
c:\users\rolli\source\repos\enginefixesvr\skse\sksevr\skse64\x64\release\papyrusobjects.obj
c:\users\rolli\source\repos\enginefixesvr\skse\sksevr\skse64\x64\release\papyrusreferencealias.obj
c:\users\rolli\source\repos\enginefixesvr\skse\sksevr\skse64\x64\release\papyrusspawnertask.obj
c:\users\rolli\source\repos\enginefixesvr\skse\sksevr\skse64\x64\release\papyrusuicallback.obj
c:\users\rolli\source\repos\enginefixesvr\skse\sksevr\skse64\x64\release\scaleformapi.obj
c:\users\rolli\source\repos\enginefixesvr\skse\sksevr\skse64\x64\release\scaleformmovie.obj
c:\users\rolli\source\repos\enginefixesvr\skse\sksevr\skse64\x64\release\skse64.obj
c:\users\rolli\source\repos\enginefixesvr\skse\sksevr\skse64\x64\release\colors.obj
c:\users\rolli\source\repos\enginefixesvr\skse\sksevr\skse64\x64\release\gamedata.obj
c:\users\rolli\source\repos\enginefixesvr\skse\sksevr\skse64\x64\release\gamemenus.obj
c:\users\rolli\source\repos\enginefixesvr\skse\sksevr\skse64\x64\release\gamesettings.obj
c:\users\rolli\source\repos\enginefixesvr\skse\sksevr\skse64\x64\release\globallocks.obj
c:\users\rolli\source\repos\enginefixesvr\skse\sksevr\skse64\x64\release\hooks_directinput8create.obj
c:\users\rolli\source\repos\enginefixesvr\skse\sksevr\skse64\x64\release\hooks_netimmerse.obj
c:\users\rolli\source\repos\enginefixesvr\skse\sksevr\skse64\x64\release\hooks_vr.obj
c:\users\rolli\source\repos\enginefixesvr\skse\sksevr\skse64\x64\release\niadditionalgeometrydata.obj
c:\users\rolli\source\repos\enginefixesvr\skse\sksevr\skse64\x64\release\niinterpolators.obj
c:\users\rolli\source\repos\enginefixesvr\skse\sksevr\skse64\x64\release\nirtti.obj
c:\users\rolli\source\repos\enginefixesvr\skse\sksevr\skse64\x64\release\papyrusactivemagiceffect.obj
c:\users\rolli\source\repos\enginefixesvr\skse\sksevr\skse64\x64\release\papyrusart.obj
c:\users\rolli\source\repos\enginefixesvr\skse\sksevr\skse64\x64\release\papyruscombatstyle.obj
c:\users\rolli\source\repos\enginefixesvr\skse\sksevr\skse64\x64\release\papyrusevents.obj
c:\users\rolli\source\repos\enginefixesvr\skse\sksevr\skse64\x64\release\papyrusheadpart.obj
c:\users\rolli\source\repos\enginefixesvr\skse\sksevr\skse64\x64\release\papyrusleveleditem.obj
c:\users\rolli\source\repos\enginefixesvr\skse\sksevr\skse64\x64\release\papyrusnativefunctions.obj
c:\users\rolli\source\repos\enginefixesvr\skse\sksevr\skse64\x64\release\papyruspotion.obj
c:\users\rolli\source\repos\enginefixesvr\skse\sksevr\skse64\x64\release\papyrusskse.obj
c:\users\rolli\source\repos\enginefixesvr\skse\sksevr\skse64\x64\release\papyrusui.obj
c:\users\rolli\source\repos\enginefixesvr\skse\sksevr\skse64\x64\release\papyrusweather.obj
c:\users\rolli\source\repos\enginefixesvr\skse\sksevr\skse64\x64\release\scaleformloader.obj
c:\users\rolli\source\repos\enginefixesvr\skse\sksevr\skse64\x64\release\scaleformvm.obj
c:\users\rolli\source\repos\enginefixesvr\skse\sksevr\skse64\x64\release\gameapi.obj
c:\users\rolli\source\repos\enginefixesvr\skse\sksevr\skse64\x64\release\gameevents.obj
c:\users\rolli\source\repos\enginefixesvr\skse\sksevr\skse64\x64\release\gameinput.obj
c:\users\rolli\source\repos\enginefixesvr\skse\sksevr\skse64\x64\release\gamertti.obj
c:\users\rolli\source\repos\enginefixesvr\skse\sksevr\skse64\x64\release\gamevr.obj
c:\users\rolli\source\repos\enginefixesvr\skse\sksevr\skse64\x64\release\hooks_diagnostics.obj
c:\users\rolli\source\repos\enginefixesvr\skse\sksevr\skse64\x64\release\hooks_gameplay.obj
c:\users\rolli\source\repos\enginefixesvr\skse\sksevr\skse64\x64\release\hooks_ui.obj
c:\users\rolli\source\repos\enginefixesvr\skse\sksevr\skse64\x64\release\internaltasks.obj
c:\users\rolli\source\repos\enginefixesvr\skse\sksevr\skse64\x64\release\nilight.obj
c:\users\rolli\source\repos\enginefixesvr\skse\sksevr\skse64\x64\release\nirenderer.obj
c:\users\rolli\source\repos\enginefixesvr\skse\sksevr\skse64\x64\release\papyrusactor.obj
c:\users\rolli\source\repos\enginefixesvr\skse\sksevr\skse64\x64\release\papyrusargs.obj
c:\users\rolli\source\repos\enginefixesvr\skse\sksevr\skse64\x64\release\papyruscell.obj
c:\users\rolli\source\repos\enginefixesvr\skse\sksevr\skse64\x64\release\papyrusdelayfunctors.obj
c:\users\rolli\source\repos\enginefixesvr\skse\sksevr\skse64\x64\release\papyrusform.obj
c:\users\rolli\source\repos\enginefixesvr\skse\sksevr\skse64\x64\release\papyrusinterfaces.obj
c:\users\rolli\source\repos\enginefixesvr\skse\sksevr\skse64\x64\release\papyrusmagiceffect.obj
c:\users\rolli\source\repos\enginefixesvr\skse\sksevr\skse64\x64\release\papyrusobjectreference.obj
c:\users\rolli\source\repos\enginefixesvr\skse\sksevr\skse64\x64\release\papyrusscroll.obj
c:\users\rolli\source\repos\enginefixesvr\skse\sksevr\skse64\x64\release\papyrusspell.obj
c:\users\rolli\source\repos\enginefixesvr\skse\sksevr\skse64\x64\release\papyrusutility.obj
c:\users\rolli\source\repos\enginefixesvr\skse\sksevr\skse64\x64\release\papyruswornobject.obj
c:\users\rolli\source\repos\enginefixesvr\skse\sksevr\skse64\x64\release\scaleformtypes.obj
c:\users\rolli\source\repos\enginefixesvr\skse\sksevr\skse64\x64\release\skse64.pdb
c:\users\rolli\source\repos\enginefixesvr\skse\sksevr\x64\release\sksevr_1_4_15.lib
c:\users\rolli\source\repos\enginefixesvr\skse\sksevr\skse64\x64\release\skse_version.res
c:\users\rolli\source\repos\enginefixesvr\skse\sksevr\skse64\x64\release\skse64.tlog\cl.24488.write.1.tlog
c:\users\rolli\source\repos\enginefixesvr\skse\sksevr\skse64\x64\release\skse64.tlog\cl.command.1.tlog
c:\users\rolli\source\repos\enginefixesvr\skse\sksevr\skse64\x64\release\skse64.tlog\cl.read.1.tlog
c:\users\rolli\source\repos\enginefixesvr\skse\sksevr\skse64\x64\release\skse64.tlog\lib-link-cvtres.read.1.tlog
c:\users\rolli\source\repos\enginefixesvr\skse\sksevr\skse64\x64\release\skse64.tlog\lib-link-cvtres.write.1.tlog
c:\users\rolli\source\repos\enginefixesvr\skse\sksevr\skse64\x64\release\skse64.tlog\lib.command.1.tlog
c:\users\rolli\source\repos\enginefixesvr\skse\sksevr\skse64\x64\release\skse64.tlog\rc.command.1.tlog
c:\users\rolli\source\repos\enginefixesvr\skse\sksevr\skse64\x64\release\skse64.tlog\rc.read.1.tlog
c:\users\rolli\source\repos\enginefixesvr\skse\sksevr\skse64\x64\release\skse64.tlog\rc.write.1.tlog
